TN:
SF:C:\dev\netshoes\netshoes-recruitment\src\components\ShoppingCart.vue
FN:51,(anonymous_0)
FNF:1
FNH:0
FNDA:0,(anonymous_0)
DA:33,1
DA:43,0
DA:46,0
DA:51,0
LF:4
LH:1
BRF:0
BRH:0
end_of_record
TN:
SF:C:\dev\netshoes\netshoes-recruitment\src\components\ShoppingCartItem.vue
FNF:0
FNH:0
DA:27,1
DA:33,0
LF:2
LH:1
BRF:0
BRH:0
end_of_record
TN:
SF:C:\dev\netshoes\netshoes-recruitment\src\components\Product.vue
FNF:0
FNH:0
DA:17,0
DA:23,0
LF:2
LH:0
BRF:0
BRH:0
end_of_record
TN:
SF:C:\dev\netshoes\netshoes-recruitment\src\api\products.js
FNF:0
FNH:0
DA:2,1
DA:249,0
DA:250,0
LF:3
LH:1
BRF:0
BRH:0
end_of_record
TN:
SF:C:\dev\netshoes\netshoes-recruitment\src\App.vue
FN:41,(anonymous_0)
FNF:1
FNH:0
FNDA:0,(anonymous_0)
DA:22,1
DA:36,0
DA:41,0
DA:42,0
DA:43,0
DA:48,0
DA:57,0
DA:60,0
DA:61,0
DA:64,0
DA:67,0
DA:70,0
LF:12
LH:1
BRDA:61,0,0,0
BRDA:61,0,1,0
BRF:2
BRH:0
end_of_record
